<?xml version="1.0" encoding="UTF-8"?>
<!-- Generated by org.testng.reporters.JUnitReportReporter -->
<testsuite hostname="HPDA0056" name="tap.test.TestClass" tests="1" failures="0" timestamp="12 Jul 2018 07:30:46 GMT" time="1.082" errors="0">
  <testcase name="test001_basic_auth_test" time="1.082" classname="tap.test.TestClass"/>
</testsuite> <!-- tap.test.TestClass -->
